Traceback (most recent call last):
  File "/home/news_hub/scrape_ensonhaber.py", line 37, in <module>
    logging.info(f"Scraped {len(all_links)} number of op eds.")
    ^^^^^^^
NameError: name 'logging' is not defined. Did you forget to import 'logging'?
2025-05-06 00:36:02,844 - INFO - Scraped 9 number of op eds.
2025-05-06 00:36:04,544 - INFO - Scraped info from 9 op eds.
2025-05-06 00:36:04,549 - INFO - Updated the ensonhaber db.
2025-05-06 02:56:03,237 - INFO - Scraped 9 number of op eds.
2025-05-06 02:56:04,594 - INFO - Scraped info from 9 op eds.
2025-05-06 02:56:04,600 - INFO - Updated the ensonhaber db.
2025-05-06 06:11:03,469 - INFO - Scraped 9 number of op eds.
2025-05-06 06:11:05,028 - INFO - Scraped info from 9 op eds.
2025-05-06 06:11:05,034 - INFO - Updated the ensonhaber db.
2025-05-07 06:11:03,631 - INFO - Scraped 9 number of op eds.
2025-05-07 06:11:05,636 - INFO - Scraped info from 9 op eds.
2025-05-07 06:11:05,642 - INFO - Updated the ensonhaber db.
2025-05-08 06:11:03,093 - INFO - Scraped 9 number of op eds.
2025-05-08 06:11:04,530 - INFO - Scraped info from 9 op eds.
2025-05-08 06:11:04,536 - INFO - Updated the ensonhaber db.
