2025-05-06 06:11:03,587 - INFO - Scraped 15 number of op eds.
Traceback (most recent call last):
  File "/home/news_hub/scrape_hurriyet.py", line 47, in <module>
    df_today = scrape_hurriyet(all_links)
               ^^^^^^^^^^^^^^^^^^^^^^^^^^
  File "/home/news_hub/scrape_hurriyet.py", line 27, in scrape_hurriyet
    + month_map[date_irregular.split(',')[0][:-3]] + '/' \
      ~~~~~~~~~^^^^^^^^^^^^^^^^^^^^^^^^^^^^^^^^^^^
KeyError: 'Mayؤ±s'
2025-05-07 06:11:03,556 - INFO - Scraped 14 number of op eds.
Traceback (most recent call last):
  File "/home/news_hub/scrape_hurriyet.py", line 47, in <module>
    df_today = scrape_hurriyet(all_links)
               ^^^^^^^^^^^^^^^^^^^^^^^^^^
  File "/home/news_hub/scrape_hurriyet.py", line 27, in scrape_hurriyet
    + month_map[date_irregular.split(',')[0][:-3]] + '/' \
      ~~~~~~~~~^^^^^^^^^^^^^^^^^^^^^^^^^^^^^^^^^^^
KeyError: 'MayÄąs'
2025-05-08 06:11:03,338 - INFO - Scraped 13 number of op eds.
2025-05-08 06:11:04,221 - INFO - Scraped info from 13 op eds.
2025-05-08 06:11:04,231 - INFO - Updated the hurriyet db.
