2025-05-06 00:31:02,766 - INFO - Scraped 7 number of op eds.
2025-05-06 00:31:03,528 - INFO - Scraped info from 7 op eds.
2025-05-06 00:31:03,534 - INFO - Updated the sabah db.
2025-05-06 00:36:03,012 - INFO - Scraped 7 number of op eds.
2025-05-06 00:36:04,179 - INFO - Scraped info from 7 op eds.
2025-05-06 00:36:04,184 - INFO - Updated the sabah db.
2025-05-06 02:56:03,241 - INFO - Scraped 7 number of op eds.
2025-05-06 02:56:04,294 - INFO - Scraped info from 7 op eds.
2025-05-06 02:56:04,300 - INFO - Updated the sabah db.
2025-05-06 06:11:03,532 - INFO - Scraped 8 number of op eds.
2025-05-06 06:11:04,320 - INFO - Scraped info from 8 op eds.
2025-05-06 06:11:04,335 - INFO - Updated the sabah db.
2025-05-07 06:11:03,539 - INFO - Scraped 0 number of op eds.
2025-05-07 06:11:03,542 - INFO - Scraped info from 0 op eds.
Traceback (most recent call last):
  File "/home/news_hub/scrape_sabah.py", line 45, in <module>
    update_db_with_articles(db_path, table_name, df_today)
  File "/home/news_hub/helper.py", line 74, in update_db_with_articles
    filtered_df = filter_new_articles(df, df_db)
                  ^^^^^^^^^^^^^^^^^^^^^^^^^^^^^^
  File "/home/news_hub/helper.py", line 55, in filter_new_articles
    new_tuples = set(df_today[['date', 'author']].apply(tuple, axis=1).values)
                     ~~~~~~~~^^^^^^^^^^^^^^^^^^^^
  File "/home/base_env/lib/python3.12/site-packages/pandas/core/frame.py", line 4108, in __getitem__
    indexer = self.columns._get_indexer_strict(key, "columns")[1]
              ^^^^^^^^^^^^^^^^^^^^^^^^^^^^^^^^^^^^^^^^^^^^^^^^
  File "/home/base_env/lib/python3.12/site-packages/pandas/core/indexes/base.py", line 6200, in _get_indexer_strict
    self._raise_if_missing(keyarr, indexer, axis_name)
  File "/home/base_env/lib/python3.12/site-packages/pandas/core/indexes/base.py", line 6249, in _raise_if_missing
    raise KeyError(f"None of [{key}] are in the [{axis_name}]")
KeyError: "None of [Index(['date', 'author'], dtype='object')] are in the [columns]"
2025-05-08 06:11:03,157 - INFO - Scraped 0 number of op eds.
2025-05-08 06:11:03,158 - INFO - Scraped info from 0 op eds.
Traceback (most recent call last):
  File "/home/news_hub/scrape_sabah.py", line 45, in <module>
    update_db_with_articles(db_path, table_name, df_today)
  File "/home/news_hub/helper.py", line 74, in update_db_with_articles
    filtered_df = filter_new_articles(df, df_db)
                  ^^^^^^^^^^^^^^^^^^^^^^^^^^^^^^
  File "/home/news_hub/helper.py", line 55, in filter_new_articles
    new_tuples = set(df_today[['date', 'author']].apply(tuple, axis=1).values)
                     ~~~~~~~~^^^^^^^^^^^^^^^^^^^^
  File "/home/base_env/lib/python3.12/site-packages/pandas/core/frame.py", line 4108, in __getitem__
    indexer = self.columns._get_indexer_strict(key, "columns")[1]
              ^^^^^^^^^^^^^^^^^^^^^^^^^^^^^^^^^^^^^^^^^^^^^^^^
  File "/home/base_env/lib/python3.12/site-packages/pandas/core/indexes/base.py", line 6200, in _get_indexer_strict
    self._raise_if_missing(keyarr, indexer, axis_name)
  File "/home/base_env/lib/python3.12/site-packages/pandas/core/indexes/base.py", line 6249, in _raise_if_missing
    raise KeyError(f"None of [{key}] are in the [{axis_name}]")
KeyError: "None of [Index(['date', 'author'], dtype='object')] are in the [columns]"
2025-05-09 02:26:02,462 - INFO - Scraped 9 number of op eds.
2025-05-09 02:26:03,321 - INFO - Scraped info from 9 op eds.
2025-05-09 02:26:03,332 - INFO - Updated the sabah db.
